26 01:39 
26 01:40 
26 01:40 
26 01:40 
26 01:40 
26 01:40 
26 01:40 
26 01:40 
26 01:40 
26 01:40 
26 01:40 
26 01:40 
26 01:40 
26 01:41 
26 01:41 
26 01:41 
26 01:41 
26 01:41 
26 01:41 
26 01:41 
26 01:41 
26 01:41 
26 01:41 
26 01:41 
26 01:41 
26 01:41 
26 01:41 
26 01:41 
26 01:41 
26 01:41 
26 01:41 
26 01:41 
26 01:41 
26 01:41 
26 01:42 
26 01:42 
26 01:42 
26 01:42 
26 01:42 
26 01:42 
26 01:42 
26 01:42 
26 01:42 
26 01:42 
26 01:42 
26 01:42 
26 01:42 
26 01:42 
26 01:42 
26 01:42 
26 01:42 
26 01:42 
26 01:42 
26 01:43 
26 01:43 
26 01:43 
26 01:43 
26 01:43 
26 01:43 
26 01:43 
26 01:43 
26 01:44 
26 01:44 
26 01:44 
26 01:44 
26 01:44 
26 01:44 
26 01:44 
26 01:44 
26 01:44 
26 01:44 
26 01:44 
26 01:44 
26 01:44 
26 01:44 
26 01:44 
26 01:44 
26 01:45 
26 01:45 
26 01:45 
26 01:45 
26 01:45 
26 01:45 
26 01:45 
26 01:45 
26 01:45 
26 01:45 
26 01:45 
26 01:45 
26 01:46 
26 01:46 
26 01:46 
26 01:46 
26 01:47 
26 01:47 
26 01:48 
26 01:49 
26 01:58 
26 02:00 
26 02:00 
26 02:00 
26 02:00 
26 02:02 
26 02:03 
26 02:03 
26 02:03 
26 02:04 
26 02:05 
26 02:07 
26 02:07 
26 02:07 
26 02:08 
26 02:10 
26 02:10 
26 02:13 
26 02:13 
26 02:14 
26 02:14 
26 02:15 
26 02:17 
26 02:17 
26 02:17 
26 02:17 
26 02:18 
26 02:18 
26 02:18 
26 02:18 
26 02:18 
26 02:18 
26 02:18 
26 02:18 
26 02:19 
26 02:19 
26 02:19 
26 02:19 
26 02:20 
26 02:20 
26 02:20 
26 02:20 
26 02:20 
26 02:21 
26 02:21 
26 02:21 
26 02:21 
26 02:21 
26 02:21 
26 02:21 
26 02:21 
26 02:21 
26 02:21 
26 02:21 
26 02:21 
26 02:21 
26 02:22 
26 02:23 
26 02:24 
26 02:24 
26 02:24 
26 02:24 
26 02:27 
26 02:27 
26 02:27 
26 02:27 
26 02:27 
26 02:27 
26 02:28 
26 02:28 
26 02:28 
26 02:28 
26 02:28 
26 02:28 
26 02:28 
26 02:29 
26 02:29 
26 02:29 
26 02:29 
26 02:29 
26 02:30 
26 02:30 
26 02:31 
26 02:31 
26 02:31 
26 02:31 
26 02:32 
26 02:32 
26 02:32 
26 02:32 
26 02:32 
26 02:32 
26 02:32 
26 02:32 
26 02:32 
26 02:32 
26 02:32 
26 02:32 
26 02:32 
26 02:32 
26 02:33 
26 02:33 
26 02:33 
26 02:33 
26 02:33 
26 02:33 
26 02:33 
26 02:33 
26 02:33 
26 02:33 
26 02:33 
26 02:33 
26 02:33 
26 02:33 
26 02:33 
26 02:33 
26 02:33 
26 02:33 
26 02:33 
26 02:33 
26 02:34 
26 02:34 
26 02:34 
26 02:34 
26 02:34 
26 02:34 
26 02:34 
26 02:34 
26 02:34 
26 02:35 
26 02:35 
26 02:35 
26 02:35 
26 02:35 
26 02:35 
26 02:36 
26 02:36 
26 02:36 
26 02:36 
26 02:36 
26 02:36 
26 02:36 
26 02:36 
26 02:37 
26 02:38 
26 02:38 
26 02:38 
26 02:38 
26 02:38 
26 02:38 
26 02:38 
26 02:39 
26 02:39 
26 02:39 
26 02:39 
26 02:39 
26 02:39 
26 02:40 
26 02:41 
26 02:41 
26 02:41 
26 02:41 
26 02:41 
26 02:41 
26 02:41 
26 02:41 
26 02:41 
26 02:41 
26 02:42 
26 02:43 
26 02:43 
26 02:43 
26 02:44 
26 02:44 
26 02:44 
26 02:44 
26 02:44 
26 02:44 
26 02:44 
26 02:44 
26 02:44 
26 02:44 
26 02:44 
26 02:44 
26 02:44 
26 02:44 
26 02:44 
26 02:44 
26 02:44 
26 02:44 
26 02:44 
26 02:44 
26 02:44 
26 02:44 
26 02:44 
26 02:45 
26 02:45 
26 02:47 
26 02:47 
26 02:47 
26 02:47 
26 02:48 
26 02:48 
26 02:48 
26 02:49 
26 02:49 
26 02:49 
26 02:49 
26 02:49 
26 02:49 
26 02:50 
26 02:50 
26 02:50 
26 02:51 
26 02:51 
26 02:52 
26 02:52 
26 02:52 
26 02:52 
26 02:52 
26 02:52 
26 02:52 
26 02:52 
26 02:53 
26 02:53 
26 02:53 
26 02:53 
26 02:54 
26 02:55 
26 02:55 
26 02:56 
26 02:56 
26 02:56 
26 02:56 
26 02:56 
26 02:56 
26 02:57 
26 02:57 
26 02:57 
26 02:57 
26 02:57 
26 02:58 
26 02:58 
26 02:58 
26 02:58 
26 02:58 
26 02:58 
26 02:58 
26 02:58 
26 02:58 
26 02:58 
26 02:59 
26 02:59 
26 02:59 
26 02:59 
26 03:00 
26 03:00 
26 03:01 
26 03:01 
26 03:01 
26 03:01 
26 03:01 
26 03:02 
26 03:02 
26 03:02 
26 03:03 
26 03:03 
26 03:03 
26 03:03 
26 03:03 
26 03:04 
26 03:04 
26 03:04 
26 03:04 
26 03:04 
26 03:04 
26 03:04 
26 03:04 
26 03:04 
26 03:04 
26 03:05 
26 03:05 
26 03:05 
26 03:05 
26 03:05 
26 03:06 
26 03:06 
26 03:06 
26 03:06 
26 03:06 
26 03:06 
26 03:06 
26 03:06 
26 03:06 
26 03:06 
26 03:06 
26 03:06 
26 03:06 
26 03:07 
26 03:07 
26 03:07 
26 03:07 
26 03:07 
26 03:07 
26 03:07 
26 03:07 
26 03:07 
26 03:07 
26 03:07 
26 03:07 
26 03:07 
26 03:07 
26 03:07 
26 03:08 
26 03:08 
26 03:08 
26 03:08 
26 03:08 
26 03:08 
26 03:08 
26 03:08 
26 03:08 
26 03:08 
26 03:08 
26 03:08 
26 03:08 
26 03:08 
26 03:09 
26 03:10 
26 03:11 
26 03:12 
26 03:12 
26 03:12 
26 03:12 
26 03:12 
26 03:12 
26 03:13 
26 03:13 
26 03:13 
26 03:14 
26 03:14 
26 03:15 
26 03:16 
26 03:18 
26 03:21 
26 03:22 
26 03:22 
26 03:23 
26 03:23 
26 03:23 
26 03:23 
26 03:23 
26 03:23 
26 03:24 
26 03:24 
26 03:26 
26 03:26 
26 03:26 
26 03:26 
26 03:26 
26 03:26 
26 03:26 
26 03:26 
26 03:26 
26 03:26 
26 03:26 
26 03:26 
26 03:26 
26 03:26 
26 03:26 
26 03:26 
26 03:26 
26 03:26 
26 03:27 
26 03:27 
26 03:28 
26 03:28 
26 03:28 
26 03:28 
26 03:28 
26 03:28 
26 03:28 
26 03:28 
26 03:28 
26 03:28 
26 03:28 
26 03:29 
26 03:29 
26 03:29 
26 03:29 
26 03:30 
26 03:31 
26 03:32 
26 03:32 
26 03:32 
26 03:32 
26 03:33 
26 03:33 
26 03:33 
26 03:33 
26 03:33 
26 03:33 
26 03:33 
26 03:33 
26 03:33 
26 03:33 
26 03:33 
26 03:33 
26 03:33 
26 03:34 
26 03:34 
26 03:34 
26 03:34 
26 03:34 
26 03:34 
26 03:35 
26 03:35 
26 03:35 
26 03:35 
26 03:35 
26 03:35 
26 03:35 
26 03:35 
26 03:35 
26 03:36 
26 03:36 
26 03:36 
26 03:36 
26 03:37 
26 03:37 
26 03:38 
26 03:38 
26 03:38 
26 03:38 
26 03:38 
26 03:39 
26 03:39 
26 03:39 
26 03:39 
26 03:39 
26 03:39 
26 03:39 
26 03:39 
26 03:39 
26 03:39 
26 03:39 
26 03:39 
26 03:39 
26 03:39 
26 03:40 
26 03:40 
26 03:41 
26 03:41 
26 03:41 
26 03:41 
26 03:41 
26 03:41 
26 03:41 
26 03:41 
26 03:41 
26 03:41 
26 03:41 
26 03:41 
26 03:42 
26 03:42 
26 03:42 
26 03:42 
26 03:42 
26 03:42 
26 03:42 
26 03:43 
26 03:43 
26 03:43 
26 03:43 
26 03:43 
26 03:43 
26 03:44 
26 03:44 
26 03:44 
26 03:45 
26 03:45 
26 03:45 
26 03:46 
26 03:46 
26 03:47 
26 03:48 
26 03:48 
26 03:48 
26 03:48 
26 03:48 
26 03:48 
26 03:49 
26 03:49 
26 03:49 
26 03:50 
26 03:50 
26 03:51 
26 03:51 
26 03:52 
26 03:53 
26 03:53 
26 03:56 
26 04:00 
26 04:00 
26 04:01 
26 04:02 
26 04:03 
26 04:03 
26 04:04 
26 04:04 
26 04:05 
26 04:05 
26 04:05 
26 04:05 
26 04:05 
26 04:05 
26 04:05 
26 04:05 
26 04:05 
26 04:05 
26 04:05 
26 04:05 
26 04:05 
26 04:05 
26 04:05 
26 04:05 
26 04:05 
26 04:05 
26 04:05 
26 04:05 
26 04:05 
26 04:06 
26 04:06 
26 04:06 
26 04:07 
26 04:07 
26 04:07 
26 04:07 
26 04:07 
26 04:07 
26 04:07 
26 04:07 
26 04:07 
26 04:07 
26 04:07 
26 04:07 
26 04:08 
26 04:08 
26 04:11 
26 04:12 
26 04:14 
26 04:14 
26 04:15 
26 04:15 
26 04:16 
26 04:16 
26 04:17 
26 04:17 
26 04:17 
26 04:17 
26 04:18 
26 04:20 
26 04:23 
26 04:24 
26 04:24 
26 04:25 
26 04:25 
26 04:25 
26 04:28 
26 04:28 
26 04:28 
26 04:28 
26 04:28 
26 04:29 
26 04:31 
26 04:31 
26 04:31 
26 04:31 
26 04:31 
26 04:31 
26 04:31 
26 04:31 
26 04:31 
26 04:31 
26 04:31 
26 04:31 
26 04:31 
26 04:31 
26 04:31 
26 04:31 
26 04:31 
26 04:31 
26 04:31 
26 04:31 
26 04:31 
26 04:31 
26 04:32 
26 04:33 
26 04:33 
26 04:33 
26 04:33 
26 04:33 
26 04:33 
26 04:33 
26 04:33 
26 04:33 
26 04:33 
26 04:34 
26 04:34 
26 04:35 
26 04:35 
26 04:35 
26 04:35 
26 04:38 
26 04:39 
26 04:39 
26 04:40 
26 04:40 
26 04:42 
26 04:42 
26 04:43 
26 04:43 
26 04:43 
26 04:43 
26 04:44 
26 04:44 
26 04:44 
26 04:44 
26 04:45 
26 04:46 
26 04:46 
26 04:47 
26 04:48 
26 04:48 
26 04:48 
26 04:48 
26 04:49 
26 04:50 
26 04:50 
26 04:50 
26 04:51 
26 04:54 
26 04:56 
26 04:57 
26 04:57 
26 04:58 
26 04:58 
26 04:59 
26 04:59 
26 05:02 
26 05:02 
26 05:03 
26 05:09 
26 05:09 
26 05:10 
26 05:12 
26 05:12 
26 05:12 
26 05:12 
26 05:13 
26 05:13 
26 05:14 
26 05:14 
26 05:14 
26 05:14 
26 05:14 
26 05:14 
26 05:14 
26 05:15 
26 05:15 
26 05:15 
26 05:15 
26 05:16 
26 05:16 
26 05:17 
26 05:17 
26 05:17 
26 05:17 
26 05:17 
26 05:17 
26 05:17 
26 05:17 
26 05:17 
26 05:18 
26 05:18 
26 05:18 
26 05:18 
26 05:19 
26 05:19 
26 05:20 
26 05:20 
26 05:22 
26 05:22 
26 05:23 
26 05:23 
26 05:24 
26 05:24 
26 05:24 
26 05:25 
26 05:26 
26 05:26 
26 05:28 
26 05:28 
26 05:28 
26 05:30 
26 05:30 
26 05:31 
26 05:33 
26 05:33 
26 05:37 
26 05:37 
26 05:38 
26 05:38 
26 05:38 
26 05:39 
26 05:39 
26 05:41 
26 05:41 
26 05:41 
26 05:42 
26 05:42 
26 05:42 
26 05:43 
26 05:43 
26 05:44 
26 05:44 
26 05:44 
26 05:44 
26 05:44 
26 05:45 
26 05:45 
26 05:45 
26 05:45 
26 05:45 
26 05:45 
26 05:45 
26 05:46 
26 05:46 
26 05:46 
26 05:46 
26 05:46 
26 05:46 
26 05:46 
26 05:46 
26 05:46 
26 05:47 
26 05:47 
26 05:48 
26 05:48 
26 05:48 
26 05:48 
26 05:48 
26 05:49 
26 05:49 
26 05:50 
26 05:51 
26 05:51 
26 05:51 
26 05:52 
26 05:52 
26 05:52 
26 05:52 
26 05:52 
26 05:52 
26 05:53 
26 05:55 
26 05:55 
26 05:55 
26 05:56 
26 05:56 
26 05:56 
26 05:57 
26 05:57 
26 05:57 
26 05:57 
26 05:58 
26 05:58 
26 05:58 
26 05:59 
26 05:59 
26 05:59 
26 06:00 
26 06:00 
26 06:00 
26 06:00 
26 06:01 
26 06:02 
26 06:03 
26 06:03 
26 06:03 
26 06:04 
26 06:04 
26 06:04 
26 06:04 
26 06:04 
26 06:04 
26 06:04 
26 06:06 
26 06:07 
26 06:07 
26 06:08 
26 06:09 
26 06:09 
26 06:10 
26 06:11 
26 06:11 
26 06:12 
26 06:12 
26 06:12 
26 06:13 
26 06:13 
26 06:13 
26 06:14 
26 06:14 
26 06:15 
26 06:15 
26 06:16 
26 06:16 
26 06:16 
26 06:18 
26 06:18 
26 06:18 
26 06:19 
26 06:19 
26 06:19 
26 06:19 
26 06:19 
26 06:20 
26 06:21 
26 06:22 
26 06:23 
26 06:23 
26 06:23 
26 06:23 
26 06:24 
26 06:24 
26 06:25 
26 06:25 
26 06:26 
26 06:26 
26 06:26 
26 06:26 
26 06:27 
26 06:27 
26 06:27 
26 06:28 
26 06:28 
26 06:28 
26 06:28 
26 06:28 
26 06:28 
26 06:28 
26 06:28 
26 06:28 
26 06:28 
26 06:28 
26 06:28 
26 06:28 
26 06:28 
26 06:28 
26 06:28 
26 06:28 
26 06:28 
26 06:29 
26 06:29 
26 06:29 
26 06:29 
26 06:29 
26 06:29 
26 06:29 
26 06:29 
26 06:29 
26 06:29 
26 06:29 
26 06:30 
26 06:30 
26 06:30 
26 06:30 
26 06:30 
26 06:30 
26 06:30 
26 06:30 
26 06:30 
26 06:31 
26 06:31 
26 06:31 
26 06:32 
26 06:32 
26 06:32 
26 06:32 
26 06:32 
26 06:33 
26 06:34 
26 06:34 
26 06:34 
26 06:34 
26 06:35 
26 06:35 
26 06:36 
26 06:36 
26 06:36 
26 06:37 
26 06:37 
26 06:37 
26 06:37 
26 06:37 
26 06:37 
26 06:37 
26 06:37 
26 06:38 
26 06:38 
26 06:40 
26 06:40 
26 06:40 
26 06:40 
26 06:41 
26 06:42 
26 06:42 
26 06:42 
26 06:43 
26 06:43 
26 06:43 
26 06:43 
26 06:45 
26 06:45 
26 06:45 
26 06:47 
26 06:47 
26 06:47 
26 06:47 
26 06:48 
26 06:50 
26 06:50 
26 06:50 
26 06:50 
26 06:50 
26 06:51 
26 06:51 
26 06:52 
26 06:53 
26 06:53 
26 06:53 
26 06:53 
26 06:53 
26 06:54 
26 06:54 
26 06:54 
26 06:55 
26 06:55 
26 06:56 
26 06:56 
26 06:57 
26 06:57 
26 06:57 
26 06:57 
26 06:57 
26 06:57 
26 06:57 
26 06:57 
26 06:57 
26 06:57 
26 06:57 
26 06:57 
26 06:58 
26 06:58 
26 06:59 
26 06:59 
26 07:00 
26 07:00 
26 07:01 
26 07:01 
26 07:01 
26 07:01 
26 07:02 
26 07:02 
26 07:02 
26 07:03 
26 07:03 
26 07:04 
26 07:04 
26 07:05 
26 07:06 
26 07:06 
26 07:06 
26 07:06 
26 07:06 
26 07:08 
26 07:09 
26 07:09 
26 07:09 
26 07:09 
26 07:10 
26 07:10 
26 07:10 
26 07:10 
26 07:10 
26 07:13 
26 07:14 
26 07:15 
26 07:15 
26 07:16 
26 07:16 
26 07:16 
26 07:16 
26 07:16 
26 07:16 
26 07:16 
26 07:16 
26 07:16 
26 07:16 
26 07:16 
26 07:17 
26 07:17 
26 07:17 
26 07:17 
26 07:17 
26 07:18 
26 07:18 
26 07:18 
26 07:18 
26 07:18 
26 07:18 
26 07:18 
26 07:18 
26 07:18 
26 07:18 
26 07:18 
26 07:18 
26 07:19 
26 07:19 
26 07:19 
26 07:19 
26 07:19 
26 07:20 
26 07:20 
26 07:20 
26 07:20 
26 07:20 
26 07:21 
26 07:21 
26 07:21 
26 07:21 
26 07:22 
26 07:22 
26 07:23 
26 07:23 
26 07:23 
26 07:23 
26 07:23 
26 07:24 
26 07:25 
26 07:31 
26 07:31 
26 07:33 
26 07:33 
26 07:33 
26 07:35 
26 07:35 
26 07:36 
26 07:36 
26 07:36 
26 07:38 
26 07:38 
26 07:38 
26 07:38 
26 07:39 
26 07:39 
26 07:40 
26 07:42 
26 07:43 
26 07:43 
26 07:44 
26 07:44 
26 07:44 
26 07:44 
26 07:44 
26 07:44 
26 07:45 
26 07:45 
26 07:45 
26 07:45 
26 07:45 
26 07:45 
26 07:46 
26 07:46 
26 07:46 
26 07:46 
26 07:47 
26 07:47 
26 07:47 
26 07:48 
26 07:50 
26 07:50 
26 07:51 
26 07:51 
26 07:51 
26 07:53 
26 07:53 
26 07:54 
26 07:57 
26 07:59 
26 08:00 
26 08:02 
26 08:03 
26 08:03 
26 08:03 
26 08:03 
26 08:03 
26 08:03 
26 08:03 
26 08:03 
26 08:03 
26 08:03 
26 08:03 
26 08:03 
26 08:04 
26 08:04 
26 08:04 
26 08:04 
26 08:04 
26 08:04 
26 08:04 
26 08:04 
26 08:04 
26 08:04 
26 08:04 
26 08:04 
26 08:05 
26 08:05 
26 08:05 
26 08:05 
26 08:05 
26 08:05 
26 08:05 
26 08:05 
26 08:05 
26 08:05 
26 08:05 
26 08:05 
26 08:05 
26 08:05 
26 08:05 
26 08:05 
26 08:05 
26 08:05 
26 08:06 
26 08:06 
26 08:07 
26 08:07 
26 08:07 
26 08:07 
26 08:07 
26 08:07 
26 08:07 
26 08:07 
26 08:07 
26 08:07 
26 08:08 
26 08:08 
26 08:08 
26 08:08 
26 08:09 
26 08:10 
26 08:11 
26 08:11 
26 08:12 
26 08:13 
26 08:15 
26 08:16 
26 08:18 
26 08:18 
26 08:18 
26 08:18 
26 08:20 
26 08:20 
26 08:20 
26 08:22 
26 08:24 
26 08:24 
26 08:25 
26 08:27 
26 08:28 
26 08:29 
26 08:30 
26 08:31 
26 08:32 
26 08:32 
26 08:33 
26 08:33 
26 08:34 
26 08:34 
26 08:35 
26 08:35 
26 08:35 
26 08:37 
26 08:37 
26 08:37 
26 08:37 
26 08:37 
26 08:37 
26 08:37 
26 08:38 
26 08:38 
26 08:38 
26 08:38 
26 08:40 
26 08:41 
26 08:41 
26 08:42 
26 08:42 
26 08:42 
26 08:42 
26 08:43 
26 08:44 
26 08:48 
26 08:49 
26 08:50 
26 08:51 
26 08:51 
26 08:54 
26 08:55 
26 08:57 
26 08:57 
26 08:57 
26 08:57 
26 08:59 
26 09:00 
26 09:00 
26 09:02 
26 09:02 
26 09:03 
26 09:03 
26 09:03 
26 09:03 
26 09:03 
26 09:03 
26 09:03 
26 09:03 
26 09:03 
26 09:03 
26 09:03 
26 09:03 
26 09:03 
26 09:03 
26 09:03 
26 09:03 
26 09:03 
26 09:03 
26 09:03 
26 09:03 
26 09:03 
26 09:03 
26 09:03 
26 09:05 
26 09:06 
26 09:07 
26 09:07 
26 09:08 
26 09:08 
26 09:10 
26 09:11 
26 09:11 
26 09:11 
26 09:12 
26 09:13 
26 09:13 
26 09:13 
26 09:13 
26 09:13 
26 09:14 
26 09:14 
26 09:14 
26 09:15 
26 09:16 
26 09:16 
26 09:17 
26 09:17 
26 09:19 
26 09:20 
26 09:21 
26 09:21 
26 09:22 
26 09:23 
26 09:23 
26 09:23 
26 09:23 
26 09:24 
26 09:25 
26 09:25 
26 09:26 
26 09:27 
26 09:27 
26 09:28 
26 09:28 
26 09:29 
26 09:34 
